<?xml version="1.0" encoding="UTF-8"?>
<!-- Generated by org.testng.reporters.JUnitXMLReporter -->
<testsuite ignored="3" hostname="DuhaMarridi" failures="0" tests="2" name="Default test" time="6.374" errors="0" timestamp="2023-12-02T19:30:07 EET">
  <testcase classname="testCases.lesson10" name="LoginTest" time="0.78"/>
  <testcase classname="testCases.lesson10" name="tst" time="0.005"/>
  <testcase classname="testCases.lesson10" name="PrintTheNamesOfAllItems" time="0.0">
    <ignored/>
  </testcase> <!-- PrintTheNamesOfAllItems -->
  <testcase classname="testCases.lesson10" name="PrintTheNameOFTheFirstITems" time="0.0">
    <ignored/>
  </testcase> <!-- PrintTheNameOFTheFirstITems -->
  <testcase classname="testCases.lesson10" name="PressOnAllItems" time="0.0">
    <ignored/>
  </testcase> <!-- PressOnAllItems -->
</testsuite> <!-- Default test -->
